1614205239750	geckodriver	INFO	Listening on 127.0.0.1:52638
1614205242793	mozrunner::runner	INFO	Running command: "C:\\Program Files\\Mozilla Firefox\\firefox.exe" "--marionette" "-foreground" "-no-remote" "-profile" "C:\\Users\\Artur\\AppData\\Local\\Temp\\rust_mozprofileKdqwPW"
console.warn: SearchSettings: "get: No settings file exists, new profile?" (new Error("", "(unknown module)"))
1614205245540	Marionette	INFO	Listening on port 52646
1614205245946	Marionette	WARN	TLS certificate errors will be ignored for this session
1614205258920	Marionette	INFO	Stopped listening on port 52646

###!!! [Child][RunMessage] Error: Channel closing: too late to send/recv, messages will be lost

1614205273458	geckodriver	INFO	Listening on 127.0.0.1:52699
1614205276502	mozrunner::runner	INFO	Running command: "C:\\Program Files\\Mozilla Firefox\\firefox.exe" "--marionette" "-foreground" "-no-remote" "-profile" "C:\\Users\\Artur\\AppData\\Local\\Temp\\rust_mozprofilePSiaUz"
console.warn: SearchSettings: "get: No settings file exists, new profile?" (new Error("", "(unknown module)"))
1614205279058	Marionette	INFO	Listening on port 52707
1614205279137	Marionette	WARN	TLS certificate errors will be ignored for this session
1614205290415	Marionette	INFO	Stopped listening on port 52707

###!!! [Child][RunMessage] Error: Channel closing: too late to send/recv, messages will be lost

1614205886854	geckodriver	INFO	Listening on 127.0.0.1:52882
1614205889890	mozrunner::runner	INFO	Running command: "C:\\Program Files\\Mozilla Firefox\\firefox.exe" "--marionette" "-foreground" "-no-remote" "-profile" "C:\\Users\\Artur\\AppData\\Local\\Temp\\rust_mozprofileadWTUc"
console.warn: SearchSettings: "get: No settings file exists, new profile?" (new Error("", "(unknown module)"))
1614205892250	Marionette	INFO	Listening on port 52890
1614205892527	Marionette	WARN	TLS certificate errors will be ignored for this session
1614205901640	Marionette	INFO	Stopped listening on port 52890

###!!! [Child][RunMessage] Error: Channel closing: too late to send/recv, messages will be lost

